0 info it worked if it ends with ok
1 verbose cli [ 'C:\\Program Files (x86)\\Microsoft Visual Studio 14.0\\Web\\External\\node.exe',
1 verbose cli   'C:\\Program Files (x86)\\Microsoft Visual Studio 14.0\\Web\\External\\node_modules\\npm\\bin\\npm-cli.js',
1 verbose cli   'run',
1 verbose cli   'webpack',
1 verbose cli   '--color=always' ]
2 info using npm@3.3.4
3 info using node@v5.4.1
4 verbose run-script [ 'prewebpack', 'webpack', 'postwebpack' ]
5 info lifecycle react-test@1.0.0~prewebpack: react-test@1.0.0
6 silly lifecycle react-test@1.0.0~prewebpack: no script for prewebpack, continuing
7 info lifecycle react-test@1.0.0~webpack: react-test@1.0.0
8 verbose lifecycle react-test@1.0.0~webpack: unsafe-perm in lifecycle true
9 verbose lifecycle react-test@1.0.0~webpack: PATH: C:\Program Files (x86)\Microsoft Visual Studio 14.0\Web\External\node_modules\npm\bin\node-gyp-bin;D:\work\ReactTypescript\src\ReactTypescript\node_modules\.bin;.\node_modules\.bin;C:\Program Files (x86)\Microsoft Visual Studio 14.0\Web\External;C:\Program Files (x86)\Microsoft Visual Studio 14.0\Common7\IDE\Extensions\irwavnfl.ry1\NativeBinaries\x86;C:\Program Files (x86)\Microsoft Visual Studio 14.0\Common7\IDE\CommonExtensions\Microsoft\TeamFoundation\Team Explorer\NativeBinaries\x86;C:\Program Files\Python35\Scripts\;C:\Program Files\Python35\;C:\ProgramData\Oracle\Java\javapath;C:\Windows\system32;C:\Windows;C:\Windows\System32\Wbem;C:\Windows\System32\WindowsPowerShell\v1.0\;C:\Program Files\Microsoft SQL Server\120\Tools\Binn\;C:\Program Files\Git\cmd;C:\Program Files\Microsoft SQL Server\130\Tools\Binn\;C:\Program Files (x86)\Windows Kits\10\Windows Performance Toolkit\;C:\Program Files\Microsoft SQL Server\Client SDK\ODBC\110\Tools\Binn\;C:\Program Files (x86)\Microsoft SQL Server\120\Tools\Binn\;C:\Program Files\Microsoft SQL Server\120\DTS\Binn\;C:\Program Files (x86)\nodejs\;C:\Program Files\dotnet\;C:\Program Files (x86)\Skype\Phone\;C:\Users\Andrey\.dnx\bin;C:\Program Files (x86)\Microsoft VS Code\bin;C:\Users\Andrey\AppData\Roaming\npm;C:\Program Files (x86)\Microsoft Visual Studio 14.0\Web\External\git
10 verbose lifecycle react-test@1.0.0~webpack: CWD: D:\work\ReactTypescript\src\ReactTypescript
11 silly lifecycle react-test@1.0.0~webpack: Args: [ '/d /s /c', 'webpack' ]
12 silly lifecycle react-test@1.0.0~webpack: Returned: code: 2  signal: null
13 info lifecycle react-test@1.0.0~webpack: Failed to exec webpack script
14 verbose stack Error: react-test@1.0.0 webpack: `webpack`
14 verbose stack Exit status 2
14 verbose stack     at EventEmitter.<anonymous> (C:\Program Files (x86)\Microsoft Visual Studio 14.0\Web\External\node_modules\npm\lib\utils\lifecycle.js:233:16)
14 verbose stack     at emitTwo (events.js:87:13)
14 verbose stack     at EventEmitter.emit (events.js:172:7)
14 verbose stack     at ChildProcess.<anonymous> (C:\Program Files (x86)\Microsoft Visual Studio 14.0\Web\External\node_modules\npm\lib\utils\spawn.js:24:14)
14 verbose stack     at emitTwo (events.js:87:13)
14 verbose stack     at ChildProcess.emit (events.js:172:7)
14 verbose stack     at maybeClose (internal/child_process.js:821:16)
14 verbose stack     at Process.ChildProcess._handle.onexit (internal/child_process.js:211:5)
15 verbose pkgid react-test@1.0.0
16 verbose cwd D:\work\ReactTypescript\src\ReactTypescript
17 error Windows_NT 6.3.9600
18 error argv "C:\\Program Files (x86)\\Microsoft Visual Studio 14.0\\Web\\External\\node.exe" "C:\\Program Files (x86)\\Microsoft Visual Studio 14.0\\Web\\External\\node_modules\\npm\\bin\\npm-cli.js" "run" "webpack" "--color=always"
19 error node v5.4.1
20 error npm  v3.3.4
21 error code ELIFECYCLE
22 error react-test@1.0.0 webpack: `webpack`
22 error Exit status 2
23 error Failed at the react-test@1.0.0 webpack script 'webpack'.
23 error This is most likely a problem with the react-test package,
23 error not with npm itself.
23 error Tell the author that this fails on your system:
23 error     webpack
23 error You can get their info via:
23 error     npm owner ls react-test
23 error There is likely additional logging output above.
24 verbose exit [ 1, true ]
